[2026-06-13T12:02:36.677+0000] {local_task_job_runner.py:123} INFO - ::group::Pre task execution logs
[2026-06-13T12:02:36.685+0000] {taskinstance.py:2614} INFO - Dependencies all met for dep_context=non-requeueable deps ti=<TaskInstance: movie_quote_notifier_example.merge_quote_and_movie scheduled__2026-06-13T11:00:00+00:00 [queued]>
[2026-06-13T12:02:36.688+0000] {taskinstance.py:2614} INFO - Dependencies all met for dep_context=requeueable deps ti=<TaskInstance: movie_quote_notifier_example.merge_quote_and_movie scheduled__2026-06-13T11:00:00+00:00 [queued]>
[2026-06-13T12:02:36.688+0000] {taskinstance.py:2867} INFO - Starting attempt 1 of 1
[2026-06-13T12:02:36.691+0000] {taskinstance.py:2890} INFO - Executing <Task(_PythonDecoratedOperator): merge_quote_and_movie> on 2026-06-13 11:00:00+00:00
[2026-06-13T12:02:36.694+0000] {logging_mixin.py:190} WARNING - /home/***/.local/lib/python3.12/site-packages/***/task/task_runner/standard_task_runner.py:70 DeprecationWarning: This process (pid=964) is multi-threaded, use of fork() may lead to deadlocks in the child.
[2026-06-13T12:02:36.694+0000] {standard_task_runner.py:72} INFO - Started process 965 to run task
[2026-06-13T12:02:36.694+0000] {standard_task_runner.py:104} INFO - Running: ['***', 'tasks', 'run', 'movie_quote_notifier_example', 'merge_quote_and_movie', 'scheduled__2026-06-13T11:00:00+00:00', '--job-id', '50', '--raw', '--subdir', 'DAGS_FOLDER/movie_quote_notifier_example.py', '--cfg-path', '/tmp/tmp629617jz']
[2026-06-13T12:02:36.695+0000] {standard_task_runner.py:105} INFO - Job 50: Subtask merge_quote_and_movie
[2026-06-13T12:02:36.710+0000] {task_command.py:467} INFO - Running <TaskInstance: movie_quote_notifier_example.merge_quote_and_movie scheduled__2026-06-13T11:00:00+00:00 [running]> on host dd1674c4a419
[2026-06-13T12:02:36.741+0000] {taskinstance.py:3134} INFO - Exporting env vars: AIRFLOW_CTX_DAG_OWNER='***' AIRFLOW_CTX_DAG_ID='movie_quote_notifier_example' AIRFLOW_CTX_TASK_ID='merge_quote_and_movie' AIRFLOW_CTX_EXECUTION_DATE='2026-06-13T11:00:00+00:00' AIRFLOW_CTX_TRY_NUMBER='1' AIRFLOW_CTX_DAG_RUN_ID='scheduled__2026-06-13T11:00:00+00:00'
[2026-06-13T12:02:36.742+0000] {taskinstance.py:732} INFO - ::endgroup::
[2026-06-13T12:02:36.743+0000] {logging_mixin.py:190} INFO - {
  "quote": "Here's looking at you, kid.",
  "movie": "Casablanca",
  "character": "Rick Blaine",
  "actor": "Humphrey Bogart",
  "poster_url": "https://image.tmdb.org/t/p/w500/lGCEKlJo2CnWydQj7aamY7s1S7Q.jpg",
  "year": "1943",
  "genres": [
    "Drama",
    "Romance"
  ],
  "rating": 8.138,
  "overview": "In Casablanca, Morocco in December 1941, a cynical American expatriate meets a former lover, with unforeseen complications.",
  "tmdb_id": 289
}
[2026-06-13T12:02:36.743+0000] {python.py:240} INFO - Done. Returned value was: {'quote': "Here's looking at you, kid.", 'movie': 'Casablanca', 'character': 'Rick Blaine', 'actor': 'Humphrey Bogart', 'poster_url': 'https://image.tmdb.org/t/p/w500/lGCEKlJo2CnWydQj7aamY7s1S7Q.jpg', 'year': '1943', 'genres': ['Drama', 'Romance'], 'rating': 8.138, 'overview': 'In Casablanca, Morocco in December 1941, a cynical American expatriate meets a former lover, with unforeseen complications.', 'tmdb_id': 289}
[2026-06-13T12:02:36.750+0000] {taskinstance.py:341} INFO - ::group::Post task execution logs
[2026-06-13T12:02:36.750+0000] {taskinstance.py:353} INFO - Marking task as SUCCESS. dag_id=movie_quote_notifier_example, task_id=merge_quote_and_movie, run_id=scheduled__2026-06-13T11:00:00+00:00, execution_date=20260613T110000, start_date=20260613T120236, end_date=20260613T120236
[2026-06-13T12:02:36.791+0000] {local_task_job_runner.py:266} INFO - Task exited with return code 0
[2026-06-13T12:02:36.801+0000] {taskinstance.py:3901} INFO - 1 downstream tasks scheduled from follow-on schedule check
[2026-06-13T12:02:36.802+0000] {local_task_job_runner.py:245} INFO - ::endgroup::
