[2026-06-13T03:43:19.054+0000] {local_task_job_runner.py:123} INFO - ::group::Pre task execution logs
[2026-06-13T03:43:19.061+0000] {taskinstance.py:2614} INFO - Dependencies all met for dep_context=non-requeueable deps ti=<TaskInstance: movie_quote_notifier_example.merge_quote_and_movie manual__2026-06-13T03:43:15.657614+00:00 [queued]>
[2026-06-13T03:43:19.064+0000] {taskinstance.py:2614} INFO - Dependencies all met for dep_context=requeueable deps ti=<TaskInstance: movie_quote_notifier_example.merge_quote_and_movie manual__2026-06-13T03:43:15.657614+00:00 [queued]>
[2026-06-13T03:43:19.064+0000] {taskinstance.py:2867} INFO - Starting attempt 1 of 1
[2026-06-13T03:43:19.067+0000] {taskinstance.py:2890} INFO - Executing <Task(_PythonDecoratedOperator): merge_quote_and_movie> on 2026-06-13 03:43:15.657614+00:00
[2026-06-13T03:43:19.071+0000] {standard_task_runner.py:104} INFO - Running: ['***', 'tasks', 'run', 'movie_quote_notifier_example', 'merge_quote_and_movie', 'manual__2026-06-13T03:43:15.657614+00:00', '--job-id', '13', '--raw', '--subdir', 'DAGS_FOLDER/movie_quote_notifier_example.py', '--cfg-path', '/tmp/tmp3n5209r5']
[2026-06-13T03:43:19.072+0000] {standard_task_runner.py:105} INFO - Job 13: Subtask merge_quote_and_movie
[2026-06-13T03:43:19.072+0000] {logging_mixin.py:190} WARNING - /home/***/.local/lib/python3.12/site-packages/***/task/task_runner/standard_task_runner.py:70 DeprecationWarning: This process (pid=312) is multi-threaded, use of fork() may lead to deadlocks in the child.
[2026-06-13T03:43:19.073+0000] {standard_task_runner.py:72} INFO - Started process 313 to run task
[2026-06-13T03:43:19.089+0000] {task_command.py:467} INFO - Running <TaskInstance: movie_quote_notifier_example.merge_quote_and_movie manual__2026-06-13T03:43:15.657614+00:00 [running]> on host 616c92cd19c9
[2026-06-13T03:43:19.121+0000] {taskinstance.py:3134} INFO - Exporting env vars: AIRFLOW_CTX_DAG_OWNER='***' AIRFLOW_CTX_DAG_ID='movie_quote_notifier_example' AIRFLOW_CTX_TASK_ID='merge_quote_and_movie' AIRFLOW_CTX_EXECUTION_DATE='2026-06-13T03:43:15.657614+00:00' AIRFLOW_CTX_TRY_NUMBER='1' AIRFLOW_CTX_DAG_RUN_ID='manual__2026-06-13T03:43:15.657614+00:00'
[2026-06-13T03:43:19.122+0000] {taskinstance.py:732} INFO - ::endgroup::
[2026-06-13T03:43:19.123+0000] {logging_mixin.py:190} INFO - {
  "quote": "They may take our lives, but they'll never take our freedom!",
  "movie": "Braveheart",
  "character": "William Wallace",
  "actor": null,
  "poster_url": "https://image.tmdb.org/t/p/w500/vNUIfAXXPsF8tvHnnml5lLRJyAn.jpg",
  "year": "1925",
  "genres": [
    "Western"
  ],
  "rating": 7.0,
  "overview": "Chief Standing Rock's tribe has a treaty protecting their fishing grounds, but a canning corporation is violating the treaty through intimidation and force. The tribe is divided as to how to handle the threat. Standing Rock's son, Braveheart, is sent to college to study law so that he can protect their rights, but others in the tribe, led by the hot-tempered Ki-Yote, want to provoke a more violent confrontation.",
  "tmdb_id": 448394
}
[2026-06-13T03:43:19.123+0000] {python.py:240} INFO - Done. Returned value was: {'quote': "They may take our lives, but they'll never take our freedom!", 'movie': 'Braveheart', 'character': 'William Wallace', 'actor': None, 'poster_url': 'https://image.tmdb.org/t/p/w500/vNUIfAXXPsF8tvHnnml5lLRJyAn.jpg', 'year': '1925', 'genres': ['Western'], 'rating': 7.0, 'overview': "Chief Standing Rock's tribe has a treaty protecting their fishing grounds, but a canning corporation is violating the treaty through intimidation and force. The tribe is divided as to how to handle the threat. Standing Rock's son, Braveheart, is sent to college to study law so that he can protect their rights, but others in the tribe, led by the hot-tempered Ki-Yote, want to provoke a more violent confrontation.", 'tmdb_id': 448394}
[2026-06-13T03:43:19.130+0000] {taskinstance.py:341} INFO - ::group::Post task execution logs
[2026-06-13T03:43:19.131+0000] {taskinstance.py:353} INFO - Marking task as SUCCESS. dag_id=movie_quote_notifier_example, task_id=merge_quote_and_movie, run_id=manual__2026-06-13T03:43:15.657614+00:00, execution_date=20260613T034315, start_date=20260613T034319, end_date=20260613T034319
[2026-06-13T03:43:19.166+0000] {local_task_job_runner.py:266} INFO - Task exited with return code 0
[2026-06-13T03:43:19.176+0000] {taskinstance.py:3901} INFO - 1 downstream tasks scheduled from follow-on schedule check
[2026-06-13T03:43:19.176+0000] {local_task_job_runner.py:245} INFO - ::endgroup::
