[2026-06-13T11:29:58.892+0000] {local_task_job_runner.py:123} INFO - ::group::Pre task execution logs
[2026-06-13T11:29:58.899+0000] {taskinstance.py:2614} INFO - Dependencies all met for dep_context=non-requeueable deps ti=<TaskInstance: movie_quote_notifier_example.merge_quote_and_movie scheduled__2026-06-13T10:00:00+00:00 [queued]>
[2026-06-13T11:29:58.902+0000] {taskinstance.py:2614} INFO - Dependencies all met for dep_context=requeueable deps ti=<TaskInstance: movie_quote_notifier_example.merge_quote_and_movie scheduled__2026-06-13T10:00:00+00:00 [queued]>
[2026-06-13T11:29:58.903+0000] {taskinstance.py:2867} INFO - Starting attempt 1 of 1
[2026-06-13T11:29:58.906+0000] {taskinstance.py:2890} INFO - Executing <Task(_PythonDecoratedOperator): merge_quote_and_movie> on 2026-06-13 10:00:00+00:00
[2026-06-13T11:29:58.909+0000] {standard_task_runner.py:104} INFO - Running: ['***', 'tasks', 'run', 'movie_quote_notifier_example', 'merge_quote_and_movie', 'scheduled__2026-06-13T10:00:00+00:00', '--job-id', '46', '--raw', '--subdir', 'DAGS_FOLDER/movie_quote_notifier_example.py', '--cfg-path', '/tmp/tmpqs4phyi1']
[2026-06-13T11:29:58.910+0000] {standard_task_runner.py:105} INFO - Job 46: Subtask merge_quote_and_movie
[2026-06-13T11:29:58.909+0000] {logging_mixin.py:190} WARNING - /home/***/.local/lib/python3.12/site-packages/***/task/task_runner/standard_task_runner.py:70 DeprecationWarning: This process (pid=934) is multi-threaded, use of fork() may lead to deadlocks in the child.
[2026-06-13T11:29:58.910+0000] {standard_task_runner.py:72} INFO - Started process 935 to run task
[2026-06-13T11:29:58.926+0000] {task_command.py:467} INFO - Running <TaskInstance: movie_quote_notifier_example.merge_quote_and_movie scheduled__2026-06-13T10:00:00+00:00 [running]> on host dd1674c4a419
[2026-06-13T11:29:58.958+0000] {taskinstance.py:3134} INFO - Exporting env vars: AIRFLOW_CTX_DAG_OWNER='***' AIRFLOW_CTX_DAG_ID='movie_quote_notifier_example' AIRFLOW_CTX_TASK_ID='merge_quote_and_movie' AIRFLOW_CTX_EXECUTION_DATE='2026-06-13T10:00:00+00:00' AIRFLOW_CTX_TRY_NUMBER='1' AIRFLOW_CTX_DAG_RUN_ID='scheduled__2026-06-13T10:00:00+00:00'
[2026-06-13T11:29:58.958+0000] {taskinstance.py:732} INFO - ::endgroup::
[2026-06-13T11:29:58.959+0000] {logging_mixin.py:190} INFO - {
  "quote": "If you build it, he will come.",
  "movie": "Field Of Dreams",
  "character": "The Voice",
  "actor": null,
  "poster_url": "https://image.tmdb.org/t/p/w500/oeM7nAw6FVFICwUaXKCRkDsKjqO.jpg",
  "year": "1989",
  "genres": [
    "Drama",
    "Fantasy"
  ],
  "rating": 7.118,
  "overview": "Ray Kinsella is an Iowa farmer who hears a mysterious voice telling him to turn his cornfield into a baseball diamond. He does, but the voice's directions don't stop -- even after the spirits of deceased ballplayers turn up to play.",
  "tmdb_id": 2323
}
[2026-06-13T11:29:58.959+0000] {python.py:240} INFO - Done. Returned value was: {'quote': 'If you build it, he will come.', 'movie': 'Field Of Dreams', 'character': 'The Voice', 'actor': None, 'poster_url': 'https://image.tmdb.org/t/p/w500/oeM7nAw6FVFICwUaXKCRkDsKjqO.jpg', 'year': '1989', 'genres': ['Drama', 'Fantasy'], 'rating': 7.118, 'overview': "Ray Kinsella is an Iowa farmer who hears a mysterious voice telling him to turn his cornfield into a baseball diamond. He does, but the voice's directions don't stop -- even after the spirits of deceased ballplayers turn up to play.", 'tmdb_id': 2323}
[2026-06-13T11:29:58.966+0000] {taskinstance.py:341} INFO - ::group::Post task execution logs
[2026-06-13T11:29:58.966+0000] {taskinstance.py:353} INFO - Marking task as SUCCESS. dag_id=movie_quote_notifier_example, task_id=merge_quote_and_movie, run_id=scheduled__2026-06-13T10:00:00+00:00, execution_date=20260613T100000, start_date=20260613T112958, end_date=20260613T112958
[2026-06-13T11:29:59.004+0000] {local_task_job_runner.py:266} INFO - Task exited with return code 0
[2026-06-13T11:29:59.021+0000] {taskinstance.py:3901} INFO - 1 downstream tasks scheduled from follow-on schedule check
[2026-06-13T11:29:59.022+0000] {local_task_job_runner.py:245} INFO - ::endgroup::
