[2026-06-13T13:00:03.390+0000] {local_task_job_runner.py:123} INFO - ::group::Pre task execution logs
[2026-06-13T13:00:03.399+0000] {taskinstance.py:2614} INFO - Dependencies all met for dep_context=non-requeueable deps ti=<TaskInstance: movie_quote_notifier_example.notification_preview scheduled__2026-06-13T12:00:00+00:00 [queued]>
[2026-06-13T13:00:03.403+0000] {taskinstance.py:2614} INFO - Dependencies all met for dep_context=requeueable deps ti=<TaskInstance: movie_quote_notifier_example.notification_preview scheduled__2026-06-13T12:00:00+00:00 [queued]>
[2026-06-13T13:00:03.403+0000] {taskinstance.py:2867} INFO - Starting attempt 1 of 1
[2026-06-13T13:00:03.406+0000] {taskinstance.py:2890} INFO - Executing <Task(_PythonDecoratedOperator): notification_preview> on 2026-06-13 12:00:00+00:00
[2026-06-13T13:00:03.409+0000] {logging_mixin.py:190} WARNING - /home/***/.local/lib/python3.12/site-packages/***/task/task_runner/standard_task_runner.py:70 DeprecationWarning: This process (pid=1822) is multi-threaded, use of fork() may lead to deadlocks in the child.
[2026-06-13T13:00:03.410+0000] {standard_task_runner.py:104} INFO - Running: ['***', 'tasks', 'run', 'movie_quote_notifier_example', 'notification_preview', 'scheduled__2026-06-13T12:00:00+00:00', '--job-id', '55', '--raw', '--subdir', 'DAGS_FOLDER/movie_quote_notifier_example.py', '--cfg-path', '/tmp/tmp42be6srp']
[2026-06-13T13:00:03.410+0000] {standard_task_runner.py:72} INFO - Started process 1823 to run task
[2026-06-13T13:00:03.410+0000] {standard_task_runner.py:105} INFO - Job 55: Subtask notification_preview
[2026-06-13T13:00:03.427+0000] {task_command.py:467} INFO - Running <TaskInstance: movie_quote_notifier_example.notification_preview scheduled__2026-06-13T12:00:00+00:00 [running]> on host dd1674c4a419
[2026-06-13T13:00:03.460+0000] {taskinstance.py:3134} INFO - Exporting env vars: AIRFLOW_CTX_DAG_OWNER='***' AIRFLOW_CTX_DAG_ID='movie_quote_notifier_example' AIRFLOW_CTX_TASK_ID='notification_preview' AIRFLOW_CTX_EXECUTION_DATE='2026-06-13T12:00:00+00:00' AIRFLOW_CTX_TRY_NUMBER='1' AIRFLOW_CTX_DAG_RUN_ID='scheduled__2026-06-13T12:00:00+00:00'
[2026-06-13T13:00:03.460+0000] {taskinstance.py:732} INFO - ::endgroup::
[2026-06-13T13:00:04.063+0000] {logging_mixin.py:190} INFO - Quote of the hour

Avengers: Endgame (2019)
Rating: 8.237

"Whatever it takes."
- Steve Rogers (Chris Evans)

Poster: https://image.tmdb.org/t/p/w500/ulzhLuWrPK07P1YkdWQLZnQh1JL.jpg
[2026-06-13T13:00:04.064+0000] {logging_mixin.py:190} INFO - 
macOS notification payload: /opt/***/notifications/latest_notification.json
[2026-06-13T13:00:04.066+0000] {python.py:240} INFO - Done. Returned value was: Quote of the hour

Avengers: Endgame (2019)
Rating: 8.237

"Whatever it takes."
- Steve Rogers (Chris Evans)

Poster: https://image.tmdb.org/t/p/w500/ulzhLuWrPK07P1YkdWQLZnQh1JL.jpg
[2026-06-13T13:00:04.086+0000] {taskinstance.py:341} INFO - ::group::Post task execution logs
[2026-06-13T13:00:04.087+0000] {taskinstance.py:353} INFO - Marking task as SUCCESS. dag_id=movie_quote_notifier_example, task_id=notification_preview, run_id=scheduled__2026-06-13T12:00:00+00:00, execution_date=20260613T120000, start_date=20260613T130003, end_date=20260613T130004
[2026-06-13T13:00:04.126+0000] {local_task_job_runner.py:266} INFO - Task exited with return code 0
[2026-06-13T13:00:04.136+0000] {taskinstance.py:3901} INFO - 0 downstream tasks scheduled from follow-on schedule check
[2026-06-13T13:00:04.137+0000] {local_task_job_runner.py:245} INFO - ::endgroup::
