[2026-06-13T09:20:16.742+0000] {local_task_job_runner.py:123} INFO - ::group::Pre task execution logs
[2026-06-13T09:20:16.749+0000] {taskinstance.py:2614} INFO - Dependencies all met for dep_context=non-requeueable deps ti=<TaskInstance: movie_quote_notifier_example.notification_preview scheduled__2026-06-13T08:00:00+00:00 [queued]>
[2026-06-13T09:20:16.752+0000] {taskinstance.py:2614} INFO - Dependencies all met for dep_context=requeueable deps ti=<TaskInstance: movie_quote_notifier_example.notification_preview scheduled__2026-06-13T08:00:00+00:00 [queued]>
[2026-06-13T09:20:16.752+0000] {taskinstance.py:2867} INFO - Starting attempt 1 of 1
[2026-06-13T09:20:16.755+0000] {taskinstance.py:2890} INFO - Executing <Task(_PythonDecoratedOperator): notification_preview> on 2026-06-13 08:00:00+00:00
[2026-06-13T09:20:16.758+0000] {standard_task_runner.py:104} INFO - Running: ['***', 'tasks', 'run', 'movie_quote_notifier_example', 'notification_preview', 'scheduled__2026-06-13T08:00:00+00:00', '--job-id', '39', '--raw', '--subdir', 'DAGS_FOLDER/movie_quote_notifier_example.py', '--cfg-path', '/tmp/tmpx0_beiyq']
[2026-06-13T09:20:16.759+0000] {standard_task_runner.py:105} INFO - Job 39: Subtask notification_preview
[2026-06-13T09:20:16.759+0000] {logging_mixin.py:190} WARNING - /home/***/.local/lib/python3.12/site-packages/***/task/task_runner/standard_task_runner.py:70 DeprecationWarning: This process (pid=867) is multi-threaded, use of fork() may lead to deadlocks in the child.
[2026-06-13T09:20:16.760+0000] {standard_task_runner.py:72} INFO - Started process 868 to run task
[2026-06-13T09:20:16.775+0000] {task_command.py:467} INFO - Running <TaskInstance: movie_quote_notifier_example.notification_preview scheduled__2026-06-13T08:00:00+00:00 [running]> on host dd1674c4a419
[2026-06-13T09:20:16.803+0000] {taskinstance.py:3134} INFO - Exporting env vars: AIRFLOW_CTX_DAG_OWNER='***' AIRFLOW_CTX_DAG_ID='movie_quote_notifier_example' AIRFLOW_CTX_TASK_ID='notification_preview' AIRFLOW_CTX_EXECUTION_DATE='2026-06-13T08:00:00+00:00' AIRFLOW_CTX_TRY_NUMBER='1' AIRFLOW_CTX_DAG_RUN_ID='scheduled__2026-06-13T08:00:00+00:00'
[2026-06-13T09:20:16.803+0000] {taskinstance.py:732} INFO - ::endgroup::
[2026-06-13T09:20:17.287+0000] {logging_mixin.py:190} INFO - Quote of the hour

The Social Network (2010)
Rating: 7.4

"If you guys were the inventors of Facebook, you'd have invented Facebook."
- Mark Zuckerberg (Jesse Eisenberg)

Poster: https://image.tmdb.org/t/p/w500/n0ybibhJtQ5icDqTp8eRytcIHJx.jpg
[2026-06-13T09:20:17.288+0000] {logging_mixin.py:190} INFO - 
macOS notification payload: /opt/***/notifications/latest_notification.json
[2026-06-13T09:20:17.291+0000] {python.py:240} INFO - Done. Returned value was: Quote of the hour

The Social Network (2010)
Rating: 7.4

"If you guys were the inventors of Facebook, you'd have invented Facebook."
- Mark Zuckerberg (Jesse Eisenberg)

Poster: https://image.tmdb.org/t/p/w500/n0ybibhJtQ5icDqTp8eRytcIHJx.jpg
[2026-06-13T09:20:17.316+0000] {taskinstance.py:341} INFO - ::group::Post task execution logs
[2026-06-13T09:20:17.317+0000] {taskinstance.py:353} INFO - Marking task as SUCCESS. dag_id=movie_quote_notifier_example, task_id=notification_preview, run_id=scheduled__2026-06-13T08:00:00+00:00, execution_date=20260613T080000, start_date=20260613T092016, end_date=20260613T092017
[2026-06-13T09:20:17.361+0000] {local_task_job_runner.py:266} INFO - Task exited with return code 0
[2026-06-13T09:20:17.369+0000] {taskinstance.py:3901} INFO - 0 downstream tasks scheduled from follow-on schedule check
[2026-06-13T09:20:17.369+0000] {local_task_job_runner.py:245} INFO - ::endgroup::
