[2026-06-13T03:43:19.494+0000] {local_task_job_runner.py:123} INFO - ::group::Pre task execution logs
[2026-06-13T03:43:19.502+0000] {taskinstance.py:2614} INFO - Dependencies all met for dep_context=non-requeueable deps ti=<TaskInstance: movie_quote_notifier_example.notification_preview manual__2026-06-13T03:43:15.657614+00:00 [queued]>
[2026-06-13T03:43:19.505+0000] {taskinstance.py:2614} INFO - Dependencies all met for dep_context=requeueable deps ti=<TaskInstance: movie_quote_notifier_example.notification_preview manual__2026-06-13T03:43:15.657614+00:00 [queued]>
[2026-06-13T03:43:19.505+0000] {taskinstance.py:2867} INFO - Starting attempt 1 of 1
[2026-06-13T03:43:19.508+0000] {taskinstance.py:2890} INFO - Executing <Task(_PythonDecoratedOperator): notification_preview> on 2026-06-13 03:43:15.657614+00:00
[2026-06-13T03:43:19.513+0000] {logging_mixin.py:190} WARNING - /home/***/.local/lib/python3.12/site-packages/***/task/task_runner/standard_task_runner.py:70 DeprecationWarning: This process (pid=315) is multi-threaded, use of fork() may lead to deadlocks in the child.
[2026-06-13T03:43:19.512+0000] {standard_task_runner.py:104} INFO - Running: ['***', 'tasks', 'run', 'movie_quote_notifier_example', 'notification_preview', 'manual__2026-06-13T03:43:15.657614+00:00', '--job-id', '14', '--raw', '--subdir', 'DAGS_FOLDER/movie_quote_notifier_example.py', '--cfg-path', '/tmp/tmpg4zxxg8t']
[2026-06-13T03:43:19.513+0000] {standard_task_runner.py:72} INFO - Started process 316 to run task
[2026-06-13T03:43:19.513+0000] {standard_task_runner.py:105} INFO - Job 14: Subtask notification_preview
[2026-06-13T03:43:19.531+0000] {task_command.py:467} INFO - Running <TaskInstance: movie_quote_notifier_example.notification_preview manual__2026-06-13T03:43:15.657614+00:00 [running]> on host 616c92cd19c9
[2026-06-13T03:43:19.565+0000] {taskinstance.py:3134} INFO - Exporting env vars: AIRFLOW_CTX_DAG_OWNER='***' AIRFLOW_CTX_DAG_ID='movie_quote_notifier_example' AIRFLOW_CTX_TASK_ID='notification_preview' AIRFLOW_CTX_EXECUTION_DATE='2026-06-13T03:43:15.657614+00:00' AIRFLOW_CTX_TRY_NUMBER='1' AIRFLOW_CTX_DAG_RUN_ID='manual__2026-06-13T03:43:15.657614+00:00'
[2026-06-13T03:43:19.565+0000] {taskinstance.py:732} INFO - ::endgroup::
[2026-06-13T03:43:19.566+0000] {logging_mixin.py:190} INFO - Quote of the hour

Braveheart (1925)
Rating: 7.0

"They may take our lives, but they'll never take our freedom!"
- William Wallace

Poster: https://image.tmdb.org/t/p/w500/vNUIfAXXPsF8tvHnnml5lLRJyAn.jpg
[2026-06-13T03:43:19.566+0000] {python.py:240} INFO - Done. Returned value was: Quote of the hour

Braveheart (1925)
Rating: 7.0

"They may take our lives, but they'll never take our freedom!"
- William Wallace

Poster: https://image.tmdb.org/t/p/w500/vNUIfAXXPsF8tvHnnml5lLRJyAn.jpg
[2026-06-13T03:43:19.574+0000] {taskinstance.py:341} INFO - ::group::Post task execution logs
[2026-06-13T03:43:19.574+0000] {taskinstance.py:353} INFO - Marking task as SUCCESS. dag_id=movie_quote_notifier_example, task_id=notification_preview, run_id=manual__2026-06-13T03:43:15.657614+00:00, execution_date=20260613T034315, start_date=20260613T034319, end_date=20260613T034319
[2026-06-13T03:43:19.608+0000] {local_task_job_runner.py:266} INFO - Task exited with return code 0
[2026-06-13T03:43:19.621+0000] {taskinstance.py:3901} INFO - 0 downstream tasks scheduled from follow-on schedule check
[2026-06-13T03:43:19.622+0000] {local_task_job_runner.py:245} INFO - ::endgroup::
