[2026-06-13T04:00:05.640+0000] {local_task_job_runner.py:123} INFO - ::group::Pre task execution logs
[2026-06-13T04:00:05.648+0000] {taskinstance.py:2614} INFO - Dependencies all met for dep_context=non-requeueable deps ti=<TaskInstance: movie_quote_notifier_example.notification_preview scheduled__2026-06-13T03:00:00+00:00 [queued]>
[2026-06-13T04:00:05.652+0000] {taskinstance.py:2614} INFO - Dependencies all met for dep_context=requeueable deps ti=<TaskInstance: movie_quote_notifier_example.notification_preview scheduled__2026-06-13T03:00:00+00:00 [queued]>
[2026-06-13T04:00:05.652+0000] {taskinstance.py:2867} INFO - Starting attempt 1 of 1
[2026-06-13T04:00:05.656+0000] {taskinstance.py:2890} INFO - Executing <Task(_PythonDecoratedOperator): notification_preview> on 2026-06-13 03:00:00+00:00
[2026-06-13T04:00:05.669+0000] {logging_mixin.py:190} WARNING - /home/***/.local/lib/python3.12/site-packages/***/task/task_runner/standard_task_runner.py:70 DeprecationWarning: This process (pid=301) is multi-threaded, use of fork() may lead to deadlocks in the child.
[2026-06-13T04:00:05.665+0000] {standard_task_runner.py:104} INFO - Running: ['***', 'tasks', 'run', 'movie_quote_notifier_example', 'notification_preview', 'scheduled__2026-06-13T03:00:00+00:00', '--job-id', '19', '--raw', '--subdir', 'DAGS_FOLDER/movie_quote_notifier_example.py', '--cfg-path', '/tmp/tmpqu9v0jt5']
[2026-06-13T04:00:05.670+0000] {standard_task_runner.py:72} INFO - Started process 302 to run task
[2026-06-13T04:00:05.671+0000] {standard_task_runner.py:105} INFO - Job 19: Subtask notification_preview
[2026-06-13T04:00:05.703+0000] {task_command.py:467} INFO - Running <TaskInstance: movie_quote_notifier_example.notification_preview scheduled__2026-06-13T03:00:00+00:00 [running]> on host dd1674c4a419
[2026-06-13T04:00:05.743+0000] {taskinstance.py:3134} INFO - Exporting env vars: AIRFLOW_CTX_DAG_OWNER='***' AIRFLOW_CTX_DAG_ID='movie_quote_notifier_example' AIRFLOW_CTX_TASK_ID='notification_preview' AIRFLOW_CTX_EXECUTION_DATE='2026-06-13T03:00:00+00:00' AIRFLOW_CTX_TRY_NUMBER='1' AIRFLOW_CTX_DAG_RUN_ID='scheduled__2026-06-13T03:00:00+00:00'
[2026-06-13T04:00:05.744+0000] {taskinstance.py:732} INFO - ::endgroup::
[2026-06-13T04:00:06.284+0000] {logging_mixin.py:190} INFO - Quote of the hour

Star Wars (1977)
Rating: 8.2

"May the Force be with you."
- General Dodonna (Alex McCrindle)

Poster: https://image.tmdb.org/t/p/w500/6FfCtAuVAW8XJjZ7eWeLibRLWTw.jpg
[2026-06-13T04:00:06.284+0000] {logging_mixin.py:190} INFO - 
macOS notification payload: /opt/***/notifications/latest_notification.json
[2026-06-13T04:00:06.286+0000] {python.py:240} INFO - Done. Returned value was: Quote of the hour

Star Wars (1977)
Rating: 8.2

"May the Force be with you."
- General Dodonna (Alex McCrindle)

Poster: https://image.tmdb.org/t/p/w500/6FfCtAuVAW8XJjZ7eWeLibRLWTw.jpg
[2026-06-13T04:00:06.304+0000] {taskinstance.py:341} INFO - ::group::Post task execution logs
[2026-06-13T04:00:06.305+0000] {taskinstance.py:353} INFO - Marking task as SUCCESS. dag_id=movie_quote_notifier_example, task_id=notification_preview, run_id=scheduled__2026-06-13T03:00:00+00:00, execution_date=20260613T030000, start_date=20260613T040005, end_date=20260613T040006
[2026-06-13T04:00:06.340+0000] {local_task_job_runner.py:266} INFO - Task exited with return code 0
[2026-06-13T04:00:06.349+0000] {taskinstance.py:3901} INFO - 0 downstream tasks scheduled from follow-on schedule check
[2026-06-13T04:00:06.350+0000] {local_task_job_runner.py:245} INFO - ::endgroup::
