[2026-06-13T04:08:26.172+0000] {local_task_job_runner.py:123} INFO - ::group::Pre task execution logs
[2026-06-13T04:08:26.179+0000] {taskinstance.py:2614} INFO - Dependencies all met for dep_context=non-requeueable deps ti=<TaskInstance: movie_quote_notifier_example.notification_preview manual__2026-06-13T04:08:21.323169+00:00 [queued]>
[2026-06-13T04:08:26.182+0000] {taskinstance.py:2614} INFO - Dependencies all met for dep_context=requeueable deps ti=<TaskInstance: movie_quote_notifier_example.notification_preview manual__2026-06-13T04:08:21.323169+00:00 [queued]>
[2026-06-13T04:08:26.183+0000] {taskinstance.py:2867} INFO - Starting attempt 1 of 1
[2026-06-13T04:08:26.186+0000] {taskinstance.py:2890} INFO - Executing <Task(_PythonDecoratedOperator): notification_preview> on 2026-06-13 04:08:21.323169+00:00
[2026-06-13T04:08:26.189+0000] {standard_task_runner.py:104} INFO - Running: ['***', 'tasks', 'run', 'movie_quote_notifier_example', 'notification_preview', 'manual__2026-06-13T04:08:21.323169+00:00', '--job-id', '23', '--raw', '--subdir', 'DAGS_FOLDER/movie_quote_notifier_example.py', '--cfg-path', '/tmp/tmpfys9a6x4']
[2026-06-13T04:08:26.189+0000] {logging_mixin.py:190} WARNING - /home/***/.local/lib/python3.12/site-packages/***/task/task_runner/standard_task_runner.py:70 DeprecationWarning: This process (pid=506) is multi-threaded, use of fork() may lead to deadlocks in the child.
[2026-06-13T04:08:26.190+0000] {standard_task_runner.py:105} INFO - Job 23: Subtask notification_preview
[2026-06-13T04:08:26.190+0000] {standard_task_runner.py:72} INFO - Started process 507 to run task
[2026-06-13T04:08:26.206+0000] {task_command.py:467} INFO - Running <TaskInstance: movie_quote_notifier_example.notification_preview manual__2026-06-13T04:08:21.323169+00:00 [running]> on host dd1674c4a419
[2026-06-13T04:08:26.237+0000] {taskinstance.py:3134} INFO - Exporting env vars: AIRFLOW_CTX_DAG_OWNER='***' AIRFLOW_CTX_DAG_ID='movie_quote_notifier_example' AIRFLOW_CTX_TASK_ID='notification_preview' AIRFLOW_CTX_EXECUTION_DATE='2026-06-13T04:08:21.323169+00:00' AIRFLOW_CTX_TRY_NUMBER='1' AIRFLOW_CTX_DAG_RUN_ID='manual__2026-06-13T04:08:21.323169+00:00'
[2026-06-13T04:08:26.237+0000] {taskinstance.py:732} INFO - ::endgroup::
[2026-06-13T04:08:26.705+0000] {logging_mixin.py:190} INFO - Quote of the hour

A Few Good Men (1992)
Rating: 7.5

"You can't handle the truth!"
- Colonel Jessup

Poster: https://image.tmdb.org/t/p/w500/rLOk4z9zL1tTukIYV56P94aZXKk.jpg
[2026-06-13T04:08:26.706+0000] {logging_mixin.py:190} INFO - 
macOS notification payload: /opt/***/notifications/latest_notification.json
[2026-06-13T04:08:26.707+0000] {python.py:240} INFO - Done. Returned value was: Quote of the hour

A Few Good Men (1992)
Rating: 7.5

"You can't handle the truth!"
- Colonel Jessup

Poster: https://image.tmdb.org/t/p/w500/rLOk4z9zL1tTukIYV56P94aZXKk.jpg
[2026-06-13T04:08:26.723+0000] {taskinstance.py:341} INFO - ::group::Post task execution logs
[2026-06-13T04:08:26.723+0000] {taskinstance.py:353} INFO - Marking task as SUCCESS. dag_id=movie_quote_notifier_example, task_id=notification_preview, run_id=manual__2026-06-13T04:08:21.323169+00:00, execution_date=20260613T040821, start_date=20260613T040826, end_date=20260613T040826
[2026-06-13T04:08:26.742+0000] {local_task_job_runner.py:266} INFO - Task exited with return code 0
[2026-06-13T04:08:26.750+0000] {taskinstance.py:3901} INFO - 0 downstream tasks scheduled from follow-on schedule check
[2026-06-13T04:08:26.751+0000] {local_task_job_runner.py:245} INFO - ::endgroup::
