[2026-06-13T07:28:25.003+0000] {local_task_job_runner.py:123} INFO - ::group::Pre task execution logs
[2026-06-13T07:28:25.010+0000] {taskinstance.py:2614} INFO - Dependencies all met for dep_context=non-requeueable deps ti=<TaskInstance: movie_quote_notifier_example.merge_quote_and_movie scheduled__2026-06-13T06:00:00+00:00 [queued]>
[2026-06-13T07:28:25.013+0000] {taskinstance.py:2614} INFO - Dependencies all met for dep_context=requeueable deps ti=<TaskInstance: movie_quote_notifier_example.merge_quote_and_movie scheduled__2026-06-13T06:00:00+00:00 [queued]>
[2026-06-13T07:28:25.013+0000] {taskinstance.py:2867} INFO - Starting attempt 1 of 1
[2026-06-13T07:28:25.016+0000] {taskinstance.py:2890} INFO - Executing <Task(_PythonDecoratedOperator): merge_quote_and_movie> on 2026-06-13 06:00:00+00:00
[2026-06-13T07:28:25.019+0000] {standard_task_runner.py:104} INFO - Running: ['***', 'tasks', 'run', 'movie_quote_notifier_example', 'merge_quote_and_movie', 'scheduled__2026-06-13T06:00:00+00:00', '--job-id', '30', '--raw', '--subdir', 'DAGS_FOLDER/movie_quote_notifier_example.py', '--cfg-path', '/tmp/tmp7j2epkuc']
[2026-06-13T07:28:25.020+0000] {logging_mixin.py:190} WARNING - /home/***/.local/lib/python3.12/site-packages/***/task/task_runner/standard_task_runner.py:70 DeprecationWarning: This process (pid=811) is multi-threaded, use of fork() may lead to deadlocks in the child.
[2026-06-13T07:28:25.020+0000] {standard_task_runner.py:105} INFO - Job 30: Subtask merge_quote_and_movie
[2026-06-13T07:28:25.020+0000] {standard_task_runner.py:72} INFO - Started process 812 to run task
[2026-06-13T07:28:25.036+0000] {task_command.py:467} INFO - Running <TaskInstance: movie_quote_notifier_example.merge_quote_and_movie scheduled__2026-06-13T06:00:00+00:00 [running]> on host dd1674c4a419
[2026-06-13T07:28:25.067+0000] {taskinstance.py:3134} INFO - Exporting env vars: AIRFLOW_CTX_DAG_OWNER='***' AIRFLOW_CTX_DAG_ID='movie_quote_notifier_example' AIRFLOW_CTX_TASK_ID='merge_quote_and_movie' AIRFLOW_CTX_EXECUTION_DATE='2026-06-13T06:00:00+00:00' AIRFLOW_CTX_TRY_NUMBER='1' AIRFLOW_CTX_DAG_RUN_ID='scheduled__2026-06-13T06:00:00+00:00'
[2026-06-13T07:28:25.068+0000] {taskinstance.py:732} INFO - ::endgroup::
[2026-06-13T07:28:25.069+0000] {logging_mixin.py:190} INFO - {
  "quote": "Go ahead, make my day.",
  "movie": "Sudden Impact",
  "character": "Harry Callahan",
  "actor": "Clint Eastwood",
  "poster_url": "https://image.tmdb.org/t/p/w500/fSADY0EEM7ntpK5IwumcGS4UNNE.jpg",
  "year": "1983",
  "genres": [
    "Thriller",
    "Crime",
    "Action"
  ],
  "rating": 6.5,
  "overview": "When a young rape victim takes justice into her own hands and becomes a serial killer, it's up to Dirty Harry Callahan, on suspension from the SFPD, to bring her to justice.",
  "tmdb_id": 10650
}
[2026-06-13T07:28:25.069+0000] {python.py:240} INFO - Done. Returned value was: {'quote': 'Go ahead, make my day.', 'movie': 'Sudden Impact', 'character': 'Harry Callahan', 'actor': 'Clint Eastwood', 'poster_url': 'https://image.tmdb.org/t/p/w500/fSADY0EEM7ntpK5IwumcGS4UNNE.jpg', 'year': '1983', 'genres': ['Thriller', 'Crime', 'Action'], 'rating': 6.5, 'overview': "When a young rape victim takes justice into her own hands and becomes a serial killer, it's up to Dirty Harry Callahan, on suspension from the SFPD, to bring her to justice.", 'tmdb_id': 10650}
[2026-06-13T07:28:25.076+0000] {taskinstance.py:341} INFO - ::group::Post task execution logs
[2026-06-13T07:28:25.076+0000] {taskinstance.py:353} INFO - Marking task as SUCCESS. dag_id=movie_quote_notifier_example, task_id=merge_quote_and_movie, run_id=scheduled__2026-06-13T06:00:00+00:00, execution_date=20260613T060000, start_date=20260613T072825, end_date=20260613T072825
[2026-06-13T07:28:25.114+0000] {local_task_job_runner.py:266} INFO - Task exited with return code 0
[2026-06-13T07:28:25.125+0000] {taskinstance.py:3901} INFO - 1 downstream tasks scheduled from follow-on schedule check
[2026-06-13T07:28:25.127+0000] {local_task_job_runner.py:245} INFO - ::endgroup::
