[2026-06-13T04:08:25.106+0000] {local_task_job_runner.py:123} INFO - ::group::Pre task execution logs
[2026-06-13T04:08:25.115+0000] {taskinstance.py:2614} INFO - Dependencies all met for dep_context=non-requeueable deps ti=<TaskInstance: movie_quote_notifier_example.merge_quote_and_movie manual__2026-06-13T04:08:21.323169+00:00 [queued]>
[2026-06-13T04:08:25.118+0000] {taskinstance.py:2614} INFO - Dependencies all met for dep_context=requeueable deps ti=<TaskInstance: movie_quote_notifier_example.merge_quote_and_movie manual__2026-06-13T04:08:21.323169+00:00 [queued]>
[2026-06-13T04:08:25.118+0000] {taskinstance.py:2867} INFO - Starting attempt 1 of 1
[2026-06-13T04:08:25.121+0000] {taskinstance.py:2890} INFO - Executing <Task(_PythonDecoratedOperator): merge_quote_and_movie> on 2026-06-13 04:08:21.323169+00:00
[2026-06-13T04:08:25.124+0000] {standard_task_runner.py:104} INFO - Running: ['***', 'tasks', 'run', 'movie_quote_notifier_example', 'merge_quote_and_movie', 'manual__2026-06-13T04:08:21.323169+00:00', '--job-id', '22', '--raw', '--subdir', 'DAGS_FOLDER/movie_quote_notifier_example.py', '--cfg-path', '/tmp/tmpz_1uu8vx']
[2026-06-13T04:08:25.125+0000] {logging_mixin.py:190} WARNING - /home/***/.local/lib/python3.12/site-packages/***/task/task_runner/standard_task_runner.py:70 DeprecationWarning: This process (pid=503) is multi-threaded, use of fork() may lead to deadlocks in the child.
[2026-06-13T04:08:25.126+0000] {standard_task_runner.py:105} INFO - Job 22: Subtask merge_quote_and_movie
[2026-06-13T04:08:25.126+0000] {standard_task_runner.py:72} INFO - Started process 504 to run task
[2026-06-13T04:08:25.142+0000] {task_command.py:467} INFO - Running <TaskInstance: movie_quote_notifier_example.merge_quote_and_movie manual__2026-06-13T04:08:21.323169+00:00 [running]> on host dd1674c4a419
[2026-06-13T04:08:25.175+0000] {taskinstance.py:3134} INFO - Exporting env vars: AIRFLOW_CTX_DAG_OWNER='***' AIRFLOW_CTX_DAG_ID='movie_quote_notifier_example' AIRFLOW_CTX_TASK_ID='merge_quote_and_movie' AIRFLOW_CTX_EXECUTION_DATE='2026-06-13T04:08:21.323169+00:00' AIRFLOW_CTX_TRY_NUMBER='1' AIRFLOW_CTX_DAG_RUN_ID='manual__2026-06-13T04:08:21.323169+00:00'
[2026-06-13T04:08:25.175+0000] {taskinstance.py:732} INFO - ::endgroup::
[2026-06-13T04:08:25.176+0000] {logging_mixin.py:190} INFO - {
  "quote": "You can't handle the truth!",
  "movie": "A Few Good Men",
  "character": "Colonel Jessup",
  "actor": null,
  "poster_url": "https://image.tmdb.org/t/p/w500/rLOk4z9zL1tTukIYV56P94aZXKk.jpg",
  "year": "1992",
  "genres": [
    "Drama"
  ],
  "rating": 7.5,
  "overview": "When cocky military lawyer Lt. Daniel Kaffee and his co-counsel, Lt. Cmdr. JoAnne Galloway, are assigned to a murder case, they uncover a hazing ritual that could implicate high-ranking officials such as shady Col. Nathan Jessep.",
  "tmdb_id": 881
}
[2026-06-13T04:08:25.176+0000] {python.py:240} INFO - Done. Returned value was: {'quote': "You can't handle the truth!", 'movie': 'A Few Good Men', 'character': 'Colonel Jessup', 'actor': None, 'poster_url': 'https://image.tmdb.org/t/p/w500/rLOk4z9zL1tTukIYV56P94aZXKk.jpg', 'year': '1992', 'genres': ['Drama'], 'rating': 7.5, 'overview': 'When cocky military lawyer Lt. Daniel Kaffee and his co-counsel, Lt. Cmdr. JoAnne Galloway, are assigned to a murder case, they uncover a hazing ritual that could implicate high-ranking officials such as shady Col. Nathan Jessep.', 'tmdb_id': 881}
[2026-06-13T04:08:25.183+0000] {taskinstance.py:341} INFO - ::group::Post task execution logs
[2026-06-13T04:08:25.183+0000] {taskinstance.py:353} INFO - Marking task as SUCCESS. dag_id=movie_quote_notifier_example, task_id=merge_quote_and_movie, run_id=manual__2026-06-13T04:08:21.323169+00:00, execution_date=20260613T040821, start_date=20260613T040825, end_date=20260613T040825
[2026-06-13T04:08:25.220+0000] {local_task_job_runner.py:266} INFO - Task exited with return code 0
[2026-06-13T04:08:25.229+0000] {taskinstance.py:3901} INFO - 1 downstream tasks scheduled from follow-on schedule check
[2026-06-13T04:08:25.230+0000] {local_task_job_runner.py:245} INFO - ::endgroup::
