[2026-06-13T08:02:59.899+0000] {local_task_job_runner.py:123} INFO - ::group::Pre task execution logs
[2026-06-13T08:02:59.907+0000] {taskinstance.py:2614} INFO - Dependencies all met for dep_context=non-requeueable deps ti=<TaskInstance: movie_quote_notifier_example.merge_quote_and_movie scheduled__2026-06-13T07:00:00+00:00 [queued]>
[2026-06-13T08:02:59.910+0000] {taskinstance.py:2614} INFO - Dependencies all met for dep_context=requeueable deps ti=<TaskInstance: movie_quote_notifier_example.merge_quote_and_movie scheduled__2026-06-13T07:00:00+00:00 [queued]>
[2026-06-13T08:02:59.910+0000] {taskinstance.py:2867} INFO - Starting attempt 1 of 1
[2026-06-13T08:02:59.914+0000] {taskinstance.py:2890} INFO - Executing <Task(_PythonDecoratedOperator): merge_quote_and_movie> on 2026-06-13 07:00:00+00:00
[2026-06-13T08:02:59.917+0000] {logging_mixin.py:190} WARNING - /home/***/.local/lib/python3.12/site-packages/***/task/task_runner/standard_task_runner.py:70 DeprecationWarning: This process (pid=829) is multi-threaded, use of fork() may lead to deadlocks in the child.
[2026-06-13T08:02:59.917+0000] {standard_task_runner.py:104} INFO - Running: ['***', 'tasks', 'run', 'movie_quote_notifier_example', 'merge_quote_and_movie', 'scheduled__2026-06-13T07:00:00+00:00', '--job-id', '34', '--raw', '--subdir', 'DAGS_FOLDER/movie_quote_notifier_example.py', '--cfg-path', '/tmp/tmpi2au8q39']
[2026-06-13T08:02:59.918+0000] {standard_task_runner.py:72} INFO - Started process 830 to run task
[2026-06-13T08:02:59.918+0000] {standard_task_runner.py:105} INFO - Job 34: Subtask merge_quote_and_movie
[2026-06-13T08:02:59.934+0000] {task_command.py:467} INFO - Running <TaskInstance: movie_quote_notifier_example.merge_quote_and_movie scheduled__2026-06-13T07:00:00+00:00 [running]> on host dd1674c4a419
[2026-06-13T08:02:59.965+0000] {taskinstance.py:3134} INFO - Exporting env vars: AIRFLOW_CTX_DAG_OWNER='***' AIRFLOW_CTX_DAG_ID='movie_quote_notifier_example' AIRFLOW_CTX_TASK_ID='merge_quote_and_movie' AIRFLOW_CTX_EXECUTION_DATE='2026-06-13T07:00:00+00:00' AIRFLOW_CTX_TRY_NUMBER='1' AIRFLOW_CTX_DAG_RUN_ID='scheduled__2026-06-13T07:00:00+00:00'
[2026-06-13T08:02:59.965+0000] {taskinstance.py:732} INFO - ::endgroup::
[2026-06-13T08:02:59.966+0000] {logging_mixin.py:190} INFO - {
  "quote": "Hello, Clarice.",
  "movie": "The Silence Of The Lambs",
  "character": "Hannibal Lecter",
  "actor": "Anthony Hopkins",
  "poster_url": "https://image.tmdb.org/t/p/w500/uS9m8OBk1A8eM9I042bx8XXpqAq.jpg",
  "year": "1991",
  "genres": [
    "Crime",
    "Thriller",
    "Drama"
  ],
  "rating": 8.3,
  "overview": "Clarice Starling is a top student at the FBI's training academy.  Jack Crawford wants Clarice to interview Dr. Hannibal Lecter, a brilliant psychiatrist who is also a violent psychopath, serving life behind bars for various acts of murder and cannibalism.  Crawford believes that Lecter may have insight into a case and that Starling, as an attractive young woman, may be just the bait to draw him out.",
  "tmdb_id": 274
}
[2026-06-13T08:02:59.967+0000] {python.py:240} INFO - Done. Returned value was: {'quote': 'Hello, Clarice.', 'movie': 'The Silence Of The Lambs', 'character': 'Hannibal Lecter', 'actor': 'Anthony Hopkins', 'poster_url': 'https://image.tmdb.org/t/p/w500/uS9m8OBk1A8eM9I042bx8XXpqAq.jpg', 'year': '1991', 'genres': ['Crime', 'Thriller', 'Drama'], 'rating': 8.3, 'overview': "Clarice Starling is a top student at the FBI's training academy.  Jack Crawford wants Clarice to interview Dr. Hannibal Lecter, a brilliant psychiatrist who is also a violent psychopath, serving life behind bars for various acts of murder and cannibalism.  Crawford believes that Lecter may have insight into a case and that Starling, as an attractive young woman, may be just the bait to draw him out.", 'tmdb_id': 274}
[2026-06-13T08:02:59.974+0000] {taskinstance.py:341} INFO - ::group::Post task execution logs
[2026-06-13T08:02:59.974+0000] {taskinstance.py:353} INFO - Marking task as SUCCESS. dag_id=movie_quote_notifier_example, task_id=merge_quote_and_movie, run_id=scheduled__2026-06-13T07:00:00+00:00, execution_date=20260613T070000, start_date=20260613T080259, end_date=20260613T080259
[2026-06-13T08:03:00.021+0000] {local_task_job_runner.py:266} INFO - Task exited with return code 0
[2026-06-13T08:03:00.030+0000] {taskinstance.py:3901} INFO - 1 downstream tasks scheduled from follow-on schedule check
[2026-06-13T08:03:00.031+0000] {local_task_job_runner.py:245} INFO - ::endgroup::
