[2026-06-13T10:18:05.569+0000] {local_task_job_runner.py:123} INFO - ::group::Pre task execution logs
[2026-06-13T10:18:05.579+0000] {taskinstance.py:2614} INFO - Dependencies all met for dep_context=non-requeueable deps ti=<TaskInstance: movie_quote_notifier_example.merge_quote_and_movie scheduled__2026-06-13T09:00:00+00:00 [queued]>
[2026-06-13T10:18:05.583+0000] {taskinstance.py:2614} INFO - Dependencies all met for dep_context=requeueable deps ti=<TaskInstance: movie_quote_notifier_example.merge_quote_and_movie scheduled__2026-06-13T09:00:00+00:00 [queued]>
[2026-06-13T10:18:05.583+0000] {taskinstance.py:2867} INFO - Starting attempt 1 of 1
[2026-06-13T10:18:05.588+0000] {taskinstance.py:2890} INFO - Executing <Task(_PythonDecoratedOperator): merge_quote_and_movie> on 2026-06-13 09:00:00+00:00
[2026-06-13T10:18:05.592+0000] {standard_task_runner.py:104} INFO - Running: ['***', 'tasks', 'run', 'movie_quote_notifier_example', 'merge_quote_and_movie', 'scheduled__2026-06-13T09:00:00+00:00', '--job-id', '42', '--raw', '--subdir', 'DAGS_FOLDER/movie_quote_notifier_example.py', '--cfg-path', '/tmp/tmpc__xf92p']
[2026-06-13T10:18:05.593+0000] {logging_mixin.py:190} WARNING - /home/***/.local/lib/python3.12/site-packages/***/task/task_runner/standard_task_runner.py:70 DeprecationWarning: This process (pid=899) is multi-threaded, use of fork() may lead to deadlocks in the child.
[2026-06-13T10:18:05.593+0000] {standard_task_runner.py:105} INFO - Job 42: Subtask merge_quote_and_movie
[2026-06-13T10:18:05.593+0000] {standard_task_runner.py:72} INFO - Started process 900 to run task
[2026-06-13T10:18:05.613+0000] {task_command.py:467} INFO - Running <TaskInstance: movie_quote_notifier_example.merge_quote_and_movie scheduled__2026-06-13T09:00:00+00:00 [running]> on host dd1674c4a419
[2026-06-13T10:18:05.652+0000] {taskinstance.py:3134} INFO - Exporting env vars: AIRFLOW_CTX_DAG_OWNER='***' AIRFLOW_CTX_DAG_ID='movie_quote_notifier_example' AIRFLOW_CTX_TASK_ID='merge_quote_and_movie' AIRFLOW_CTX_EXECUTION_DATE='2026-06-13T09:00:00+00:00' AIRFLOW_CTX_TRY_NUMBER='1' AIRFLOW_CTX_DAG_RUN_ID='scheduled__2026-06-13T09:00:00+00:00'
[2026-06-13T10:18:05.653+0000] {taskinstance.py:732} INFO - ::endgroup::
[2026-06-13T10:18:05.654+0000] {logging_mixin.py:190} INFO - {
  "quote": "I'm the king of the world!",
  "movie": "Titanic",
  "character": "Jack Dawson",
  "actor": "Theodor Loos",
  "poster_url": "https://image.tmdb.org/t/p/w500/Al7oIXQ4dZAofBTZWm6OiXS3MEa.jpg",
  "year": "1943",
  "genres": [
    "Drama",
    "History"
  ],
  "rating": 6.1,
  "overview": "In 1912, the Titanic embarks on its inevitable collision course with history. In the wake of the over-spending required to build the largest luxury ship in the world, White Star Line executive Sir Bruce Ismay schemes to reverse the direction of his company's plummeting stock value. Onboard the Titanic, brave German 1st Officer Petersen struggles to convince his self-important British superiors not to overexert the ship's engines.",
  "tmdb_id": 11021
}
[2026-06-13T10:18:05.654+0000] {python.py:240} INFO - Done. Returned value was: {'quote': "I'm the king of the world!", 'movie': 'Titanic', 'character': 'Jack Dawson', 'actor': 'Theodor Loos', 'poster_url': 'https://image.tmdb.org/t/p/w500/Al7oIXQ4dZAofBTZWm6OiXS3MEa.jpg', 'year': '1943', 'genres': ['Drama', 'History'], 'rating': 6.1, 'overview': "In 1912, the Titanic embarks on its inevitable collision course with history. In the wake of the over-spending required to build the largest luxury ship in the world, White Star Line executive Sir Bruce Ismay schemes to reverse the direction of his company's plummeting stock value. Onboard the Titanic, brave German 1st Officer Petersen struggles to convince his self-important British superiors not to overexert the ship's engines.", 'tmdb_id': 11021}
[2026-06-13T10:18:05.662+0000] {taskinstance.py:341} INFO - ::group::Post task execution logs
[2026-06-13T10:18:05.663+0000] {taskinstance.py:353} INFO - Marking task as SUCCESS. dag_id=movie_quote_notifier_example, task_id=merge_quote_and_movie, run_id=scheduled__2026-06-13T09:00:00+00:00, execution_date=20260613T090000, start_date=20260613T101805, end_date=20260613T101805
[2026-06-13T10:18:05.688+0000] {local_task_job_runner.py:266} INFO - Task exited with return code 0
[2026-06-13T10:18:05.698+0000] {taskinstance.py:3901} INFO - 1 downstream tasks scheduled from follow-on schedule check
[2026-06-13T10:18:05.698+0000] {local_task_job_runner.py:245} INFO - ::endgroup::
